# JRE version: OpenJDK Runtime Environment (8.0_171-b11) (build 1.8.0_171-8u171-b11-0ubuntu0.16.04.1-b11)
# Java VM: OpenJDK 64-Bit Server VM (25.171-b11 mixed mode linux-amd64 compressed oops)
Heap:
 PSYoungGen      total 93184K, used 6145K [0x00000000eab00000, 0x00000000f1e80000, 0x0000000100000000)
  eden space 80896K, 0% used [0x00000000eab00000,0x00000000eab00000,0x00000000efa00000)
  from space 12288K, 50% used [0x00000000efa00000,0x00000000f0000588,0x00000000f0600000)
  to   space 9216K, 0% used [0x00000000f0600000,0x00000000f0600000,0x00000000f0f00000)
 ParOldGen       total 103424K, used 39459K [0x00000000c0000000, 0x00000000c6500000, 0x00000000eab00000)
  object space 103424K, 38% used [0x00000000c0000000,0x00000000c2688d40,0x00000000c6500000)
 Metaspace       used 57989K, capacity 58274K, committed 58496K, reserved 1099776K
  class space    used 8455K, capacity 8547K, committed 8576K, reserved 1048576K
GC Heap History (10 events):
Event: 11.197 GC heap after
Heap after GC invocations=10 (full 1):
 PSYoungGen      total 58368K, used 4478K [0x00000000eab00000, 0x00000000eff80000, 0x0000000100000000)
  eden space 50688K, 0% used [0x00000000eab00000,0x00000000eab00000,0x00000000edc80000)
  from space 7680K, 58% used [0x00000000edc80000,0x00000000ee0dfb60,0x00000000ee400000)
  to   space 7680K, 0% used [0x00000000ef800000,0x00000000ef800000,0x00000000eff80000)
 ParOldGen       total 55808K, used 24580K [0x00000000c0000000, 0x00000000c3680000, 0x00000000eab00000)
  object space 55808K, 44% used [0x00000000c0000000,0x00000000c1801118,0x00000000c3680000)
 Metaspace       used 35048K, capacity 35302K, committed 35416K, reserved 1079296K
  class space    used 4990K, capacity 5081K, committed 5120K, reserved 1048576K
}
Event: 11.197 GC heap before
{Heap before GC invocations=11 (full 2):
 PSYoungGen      total 58368K, used 4478K [0x00000000eab00000, 0x00000000eff80000, 0x0000000100000000)
  eden space 50688K, 0% used [0x00000000eab00000,0x00000000eab00000,0x00000000edc80000)
  from space 7680K, 58% used [0x00000000edc80000,0x00000000ee0dfb60,0x00000000ee400000)
  to   space 7680K, 0% used [0x00000000ef800000,0x00000000ef800000,0x00000000eff80000)
 ParOldGen       total 55808K, used 24580K [0x00000000c0000000, 0x00000000c3680000, 0x00000000eab00000)
  object space 55808K, 44% used [0x00000000c0000000,0x00000000c1801118,0x00000000c3680000)
 Metaspace       used 35048K, capacity 35302K, committed 35416K, reserved 1079296K
  class space    used 4990K, capacity 5081K, committed 5120K, reserved 1048576K
Event: 11.262 GC heap after
Heap after GC invocations=11 (full 2):
 PSYoungGen      total 58368K, used 0K [0x00000000eab00000, 0x00000000eff80000, 0x0000000100000000)
  eden space 50688K, 0% used [0x00000000eab00000,0x00000000eab00000,0x00000000edc80000)
  from space 7680K, 0% used [0x00000000edc80000,0x00000000edc80000,0x00000000ee400000)
  to   space 7680K, 0% used [0x00000000ef800000,0x00000000ef800000,0x00000000eff80000)
 ParOldGen       total 103424K, used 26068K [0x00000000c0000000, 0x00000000c6500000, 0x00000000eab00000)
  object space 103424K, 25% used [0x00000000c0000000,0x00000000c19750f0,0x00000000c6500000)
 Metaspace       used 35048K, capacity 35302K, committed 35416K, reserved 1079296K
  class space    used 4990K, capacity 5081K, committed 5120K, reserved 1048576K
}
Event: 50.844 GC heap before
{Heap before GC invocations=12 (full 2):
 PSYoungGen      total 58368K, used 50688K [0x00000000eab00000, 0x00000000eff80000, 0x0000000100000000)
  eden space 50688K, 100% used [0x00000000eab00000,0x00000000edc80000,0x00000000edc80000)
  from space 7680K, 0% used [0x00000000edc80000,0x00000000edc80000,0x00000000ee400000)
  to   space 7680K, 0% used [0x00000000ef800000,0x00000000ef800000,0x00000000eff80000)
 ParOldGen       total 103424K, used 26068K [0x00000000c0000000, 0x00000000c6500000, 0x00000000eab00000)
  object space 103424K, 25% used [0x00000000c0000000,0x00000000c19750f0,0x00000000c6500000)
 Metaspace       used 41220K, capacity 41534K, committed 41856K, reserved 1085440K
  class space    used 5901K, capacity 5981K, committed 6016K, reserved 1048576K
Event: 50.855 GC heap after
Heap after GC invocations=12 (full 2):
 PSYoungGen      total 70656K, used 7010K [0x00000000eab00000, 0x00000000eff00000, 0x0000000100000000)
  eden space 63488K, 0% used [0x00000000eab00000,0x00000000eab00000,0x00000000ee900000)
  from space 7168K, 97% used [0x00000000ef800000,0x00000000efed8918,0x00000000eff00000)
  to   space 8192K, 0% used [0x00000000eef00000,0x00000000eef00000,0x00000000ef700000)
 ParOldGen       total 103424K, used 26076K [0x00000000c0000000, 0x00000000c6500000, 0x00000000eab00000)
  object space 103424K, 25% used [0x00000000c0000000,0x00000000c19770f0,0x00000000c6500000)
 Metaspace       used 41220K, capacity 41534K, committed 41856K, reserved 1085440K
  class space    used 5901K, capacity 5981K, committed 6016K, reserved 1048576K
}
Event: 52.192 GC heap before
{Heap before GC invocations=13 (full 2):
 PSYoungGen      total 70656K, used 70498K [0x00000000eab00000, 0x00000000eff00000, 0x0000000100000000)
  eden space 63488K, 100% used [0x00000000eab00000,0x00000000ee900000,0x00000000ee900000)
  from space 7168K, 97% used [0x00000000ef800000,0x00000000efed8918,0x00000000eff00000)
  to   space 8192K, 0% used [0x00000000eef00000,0x00000000eef00000,0x00000000ef700000)
 ParOldGen       total 103424K, used 26076K [0x00000000c0000000, 0x00000000c6500000, 0x00000000eab00000)
  object space 103424K, 25% used [0x00000000c0000000,0x00000000c19770f0,0x00000000c6500000)
 Metaspace       used 46452K, capacity 46800K, committed 47104K, reserved 1089536K
  class space    used 6760K, capacity 6880K, committed 6912K, reserved 1048576K
Event: 52.230 GC heap after
Heap after GC invocations=13 (full 2):
 PSYoungGen      total 77824K, used 8188K [0x00000000eab00000, 0x00000000f0f00000, 0x0000000100000000)
  eden space 69632K, 0% used [0x00000000eab00000,0x00000000eab00000,0x00000000eef00000)
  from space 8192K, 99% used [0x00000000eef00000,0x00000000ef6ff310,0x00000000ef700000)
  to   space 9216K, 0% used [0x00000000f0600000,0x00000000f0600000,0x00000000f0f00000)
 ParOldGen       total 103424K, used 26829K [0x00000000c0000000, 0x00000000c6500000, 0x00000000eab00000)
  object space 103424K, 25% used [0x00000000c0000000,0x00000000c1a33680,0x00000000c6500000)
 Metaspace       used 46452K, capacity 46800K, committed 47104K, reserved 1089536K
  class space    used 6760K, capacity 6880K, committed 6912K, reserved 1048576K
}
Event: 54.337 GC heap before
{Heap before GC invocations=14 (full 2):
 PSYoungGen      total 77824K, used 77820K [0x00000000eab00000, 0x00000000f0f00000, 0x0000000100000000)
  eden space 69632K, 100% used [0x00000000eab00000,0x00000000eef00000,0x00000000eef00000)
  from space 8192K, 99% used [0x00000000eef00000,0x00000000ef6ff310,0x00000000ef700000)
  to   space 9216K, 0% used [0x00000000f0600000,0x00000000f0600000,0x00000000f0f00000)
 ParOldGen       total 103424K, used 26829K [0x00000000c0000000, 0x00000000c6500000, 0x00000000eab00000)
  object space 103424K, 25% used [0x00000000c0000000,0x00000000c1a33680,0x00000000c6500000)
 Metaspace       used 52925K, capacity 53244K, committed 53632K, reserved 1095680K
  class space    used 7662K, capacity 7746K, committed 7808K, reserved 1048576K
Event: 54.379 GC heap after
Heap after GC invocations=14 (full 2):
 PSYoungGen      total 90112K, used 9199K [0x00000000eab00000, 0x00000000f1e80000, 0x0000000100000000)
  eden space 80896K, 0% used [0x00000000eab00000,0x00000000eab00000,0x00000000efa00000)
  from space 9216K, 99% used [0x00000000f0600000,0x00000000f0efbfe8,0x00000000f0f00000)
  to   space 12288K, 0% used [0x00000000efa00000,0x00000000efa00000,0x00000000f0600000)
 ParOldGen       total 103424K, used 32132K [0x00000000c0000000, 0x00000000c6500000, 0x00000000eab00000)
  object space 103424K, 31% used [0x00000000c0000000,0x00000000c1f613b0,0x00000000c6500000)
 Metaspace       used 52925K, capacity 53244K, committed 53632K, reserved 1095680K
  class space    used 7662K, capacity 7746K, committed 7808K, reserved 1048576K
}
Event: 56.569 GC heap before
{Heap before GC invocations=15 (full 2):
 PSYoungGen      total 90112K, used 90095K [0x00000000eab00000, 0x00000000f1e80000, 0x0000000100000000)
  eden space 80896K, 100% used [0x00000000eab00000,0x00000000efa00000,0x00000000efa00000)
  from space 9216K, 99% used [0x00000000f0600000,0x00000000f0efbfe8,0x00000000f0f00000)
  to   space 12288K, 0% used [0x00000000efa00000,0x00000000efa00000,0x00000000f0600000)
 ParOldGen       total 103424K, used 32132K [0x00000000c0000000, 0x00000000c6500000, 0x00000000eab00000)
  object space 103424K, 31% used [0x00000000c0000000,0x00000000c1f613b0,0x00000000c6500000)
 Metaspace       used 57989K, capacity 58274K, committed 58496K, reserved 1099776K
  class space    used 8455K, capacity 8547K, committed 8576K, reserved 1048576K

