# JRE version: OpenJDK Runtime Environment (8.0_171-b11) (build 1.8.0_171-8u171-b11-0ubuntu0.16.04.1-b11)
# Java VM: OpenJDK 64-Bit Server VM (25.171-b11 mixed mode linux-amd64 compressed oops)
Heap:
 PSYoungGen      total 117760K, used 0K [0x00000000eab00000, 0x00000000f3880000, 0x0000000100000000)
  eden space 103936K, 0% used [0x00000000eab00000,0x00000000eab00000,0x00000000f1080000)
  from space 13824K, 0% used [0x00000000f1e80000,0x00000000f1e80000,0x00000000f2c00000)
  to   space 14336K, 0% used [0x00000000f1080000,0x00000000f1080000,0x00000000f1e80000)
 ParOldGen       total 101888K, used 34382K [0x00000000c0000000, 0x00000000c6380000, 0x00000000eab00000)
  object space 101888K, 33% used [0x00000000c0000000,0x00000000c21939a8,0x00000000c6380000)
 Metaspace       used 58501K, capacity 58786K, committed 59028K, reserved 1099776K
  class space    used 8539K, capacity 8611K, committed 8704K, reserved 1048576K
GC Heap History (10 events):
Event: 47.273 GC heap after
Heap after GC invocations=12 (full 2):
 PSYoungGen      total 68096K, used 6260K [0x00000000eab00000, 0x00000000ef900000, 0x0000000100000000)
  eden space 61440K, 0% used [0x00000000eab00000,0x00000000eab00000,0x00000000ee700000)
  from space 6656K, 94% used [0x00000000ef280000,0x00000000ef89d078,0x00000000ef900000)
  to   space 7680K, 0% used [0x00000000eea00000,0x00000000eea00000,0x00000000ef180000)
 ParOldGen       total 101888K, used 26030K [0x00000000c0000000, 0x00000000c6380000, 0x00000000eab00000)
  object space 101888K, 25% used [0x00000000c0000000,0x00000000c196b900,0x00000000c6380000)
 Metaspace       used 40347K, capacity 40638K, committed 40960K, reserved 1085440K
  class space    used 5768K, capacity 5853K, committed 5888K, reserved 1048576K
}
Event: 48.541 GC heap before
{Heap before GC invocations=13 (full 2):
 PSYoungGen      total 68096K, used 67700K [0x00000000eab00000, 0x00000000ef900000, 0x0000000100000000)
  eden space 61440K, 100% used [0x00000000eab00000,0x00000000ee700000,0x00000000ee700000)
  from space 6656K, 94% used [0x00000000ef280000,0x00000000ef89d078,0x00000000ef900000)
  to   space 7680K, 0% used [0x00000000eea00000,0x00000000eea00000,0x00000000ef180000)
 ParOldGen       total 101888K, used 26030K [0x00000000c0000000, 0x00000000c6380000, 0x00000000eab00000)
  object space 101888K, 25% used [0x00000000c0000000,0x00000000c196b900,0x00000000c6380000)
 Metaspace       used 46200K, capacity 46480K, committed 46848K, reserved 1089536K
  class space    used 6725K, capacity 6816K, committed 6912K, reserved 1048576K
Event: 48.556 GC heap after
Heap after GC invocations=13 (full 2):
 PSYoungGen      total 72192K, used 7652K [0x00000000eab00000, 0x00000000f0c80000, 0x0000000100000000)
  eden space 64512K, 0% used [0x00000000eab00000,0x00000000eab00000,0x00000000eea00000)
  from space 7680K, 99% used [0x00000000eea00000,0x00000000ef1793d8,0x00000000ef180000)
  to   space 9216K, 0% used [0x00000000f0380000,0x00000000f0380000,0x00000000f0c80000)
 ParOldGen       total 101888K, used 27467K [0x00000000c0000000, 0x00000000c6380000, 0x00000000eab00000)
  object space 101888K, 26% used [0x00000000c0000000,0x00000000c1ad2e88,0x00000000c6380000)
 Metaspace       used 46200K, capacity 46480K, committed 46848K, reserved 1089536K
  class space    used 6725K, capacity 6816K, committed 6912K, reserved 1048576K
}
Event: 50.782 GC heap before
{Heap before GC invocations=14 (full 2):
 PSYoungGen      total 72192K, used 72164K [0x00000000eab00000, 0x00000000f0c80000, 0x0000000100000000)
  eden space 64512K, 100% used [0x00000000eab00000,0x00000000eea00000,0x00000000eea00000)
  from space 7680K, 99% used [0x00000000eea00000,0x00000000ef1793d8,0x00000000ef180000)
  to   space 9216K, 0% used [0x00000000f0380000,0x00000000f0380000,0x00000000f0c80000)
 ParOldGen       total 101888K, used 27467K [0x00000000c0000000, 0x00000000c6380000, 0x00000000eab00000)
  object space 101888K, 26% used [0x00000000c0000000,0x00000000c1ad2e88,0x00000000c6380000)
 Metaspace       used 51959K, capacity 52284K, committed 52480K, reserved 1093632K
  class space    used 7535K, capacity 7618K, committed 7680K, reserved 1048576K
Event: 50.804 GC heap after
Heap after GC invocations=14 (full 2):
 PSYoungGen      total 88064K, used 9199K [0x00000000eab00000, 0x00000000f1480000, 0x0000000100000000)
  eden space 78848K, 0% used [0x00000000eab00000,0x00000000eab00000,0x00000000ef800000)
  from space 9216K, 99% used [0x00000000f0380000,0x00000000f0c7bc88,0x00000000f0c80000)
  to   space 11776K, 0% used [0x00000000ef800000,0x00000000ef800000,0x00000000f0380000)
 ParOldGen       total 101888K, used 31955K [0x00000000c0000000, 0x00000000c6380000, 0x00000000eab00000)
  object space 101888K, 31% used [0x00000000c0000000,0x00000000c1f34fa0,0x00000000c6380000)
 Metaspace       used 51959K, capacity 52284K, committed 52480K, reserved 1093632K
  class space    used 7535K, capacity 7618K, committed 7680K, reserved 1048576K
}
Event: 52.307 GC heap before
{Heap before GC invocations=15 (full 2):
 PSYoungGen      total 88064K, used 88047K [0x00000000eab00000, 0x00000000f1480000, 0x0000000100000000)
  eden space 78848K, 100% used [0x00000000eab00000,0x00000000ef800000,0x00000000ef800000)
  from space 9216K, 99% used [0x00000000f0380000,0x00000000f0c7bc88,0x00000000f0c80000)
  to   space 11776K, 0% used [0x00000000ef800000,0x00000000ef800000,0x00000000f0380000)
 ParOldGen       total 101888K, used 31955K [0x00000000c0000000, 0x00000000c6380000, 0x00000000eab00000)
  object space 101888K, 31% used [0x00000000c0000000,0x00000000c1f34fa0,0x00000000c6380000)
 Metaspace       used 56723K, capacity 57052K, committed 57344K, reserved 1097728K
  class space    used 8256K, capacity 8354K, committed 8448K, reserved 1048576K
Event: 52.343 GC heap after
Heap after GC invocations=15 (full 2):
 PSYoungGen      total 90624K, used 11763K [0x00000000eab00000, 0x00000000f2c00000, 0x0000000100000000)
  eden space 78848K, 0% used [0x00000000eab00000,0x00000000eab00000,0x00000000ef800000)
  from space 11776K, 99% used [0x00000000ef800000,0x00000000f037ce80,0x00000000f0380000)
  to   space 13824K, 0% used [0x00000000f1e80000,0x00000000f1e80000,0x00000000f2c00000)
 ParOldGen       total 101888K, used 34364K [0x00000000c0000000, 0x00000000c6380000, 0x00000000eab00000)
  object space 101888K, 33% used [0x00000000c0000000,0x00000000c218f188,0x00000000c6380000)
 Metaspace       used 56723K, capacity 57052K, committed 57344K, reserved 1097728K
  class space    used 8256K, capacity 8354K, committed 8448K, reserved 1048576K
}
Event: 54.358 GC heap before
{Heap before GC invocations=16 (full 2):
 PSYoungGen      total 90624K, used 29680K [0x00000000eab00000, 0x00000000f2c00000, 0x0000000100000000)
  eden space 78848K, 22% used [0x00000000eab00000,0x00000000ebc7f518,0x00000000ef800000)
  from space 11776K, 99% used [0x00000000ef800000,0x00000000f037ce80,0x00000000f0380000)
  to   space 13824K, 0% used [0x00000000f1e80000,0x00000000f1e80000,0x00000000f2c00000)
 ParOldGen       total 101888K, used 34364K [0x00000000c0000000, 0x00000000c6380000, 0x00000000eab00000)
  object space 101888K, 33% used [0x00000000c0000000,0x00000000c218f188,0x00000000c6380000)
 Metaspace       used 58501K, capacity 58786K, committed 59028K, reserved 1099776K
  class space    used 8539K, capacity 8611K, committed 8704K, reserved 1048576K
Event: 55.099 GC heap after
Heap after GC invocations=16 (full 2):
 PSYoungGen      total 117760K, used 2727K [0x00000000eab00000, 0x00000000f3880000, 0x0000000100000000)
  eden space 103936K, 0% used [0x00000000eab00000,0x00000000eab00000,0x00000000f1080000)
  from space 13824K, 19% used [0x00000000f1e80000,0x00000000f2129ed8,0x00000000f2c00000)
  to   space 14336K, 0% used [0x00000000f1080000,0x00000000f1080000,0x00000000f1e80000)
 ParOldGen       total 101888K, used 41601K [0x00000000c0000000, 0x00000000c6380000, 0x00000000eab00000)
  object space 101888K, 40% used [0x00000000c0000000,0x00000000c28a07d0,0x00000000c6380000)
 Metaspace       used 58501K, capacity 58786K, committed 59028K, reserved 1099776K
  class space    used 8539K, capacity 8611K, committed 8704K, reserved 1048576K
}
Event: 55.149 GC heap before
{Heap before GC invocations=17 (full 3):
 PSYoungGen      total 117760K, used 2727K [0x00000000eab00000, 0x00000000f3880000, 0x0000000100000000)
  eden space 103936K, 0% used [0x00000000eab00000,0x00000000eab00000,0x00000000f1080000)
  from space 13824K, 19% used [0x00000000f1e80000,0x00000000f2129ed8,0x00000000f2c00000)
  to   space 14336K, 0% used [0x00000000f1080000,0x00000000f1080000,0x00000000f1e80000)
 ParOldGen       total 101888K, used 41601K [0x00000000c0000000, 0x00000000c6380000, 0x00000000eab00000)
  object space 101888K, 40% used [0x00000000c0000000,0x00000000c28a07d0,0x00000000c6380000)
 Metaspace       used 58501K, capacity 58786K, committed 59028K, reserved 1099776K
  class space    used 8539K, capacity 8611K, committed 8704K, reserved 1048576K

